<?xml version="1.0" encoding="UTF-8"?>
<!-- Generated by org.testng.reporters.JUnitReportReporter -->
<testsuite hostname="LAPTOP-R47CCG0J" failures="0" tests="2" name="testNgPack.Test2Class" time="36.658" errors="0" timestamp="10 Feb 2023 13:01:12 GMT" skipped="0">
  <testcase classname="testNgPack.Test2Class" name="test1" time="14.462"/>
  <testcase classname="testNgPack.Test2Class" name="test1" time="22.196"/>
</testsuite> <!-- testNgPack.Test2Class -->
