<?xml version="1.0" encoding="UTF-8"?>
<!-- Generated by org.testng.reporters.JUnitReportReporter -->
<testsuite hostname="LAPTOP-R47CCG0J" failures="0" tests="1" name="testNgPack.TestNgClass" time="0.012" errors="0" timestamp="07 Feb 2023 09:09:09 GMT" skipped="0">
  <testcase classname="testNgPack.TestNgClass" name="test" time="0.012"/>
</testsuite> <!-- testNgPack.TestNgClass -->
