<?xml version="1.0" encoding="UTF-8"?>
<!-- Generated by org.testng.reporters.JUnitReportReporter -->
<testsuite hostname="LAPTOP-R47CCG0J" failures="0" tests="3" name="testNgPack.Test1Class" time="33.191" errors="0" timestamp="2023-03-03T18:28:23 IST" skipped="0">
  <testcase classname="testNgPack.Test1Class" name="test2" time="18.624"/>
  <system-out/>
  <testcase classname="testNgPack.Test1Class" name="test1" time="5.193"/>
  <system-out/>
  <testcase classname="testNgPack.Test1Class" name="test3" time="9.374"/>
  <system-out/>
</testsuite> <!-- testNgPack.Test1Class -->
